<?xml version="1.0" encoding="UTF-8"?>
<!-- Generated by org.testng.reporters.JUnitXMLReporter -->
<testsuite ignored="0" hostname="LAPTOP-IO7O6G3K" failures="0" tests="3" name="Default test" time="11.5" errors="0" timestamp="2023-09-27T20:43:23 IST">
  <testcase classname="test.FaceBooLoginTest" name="loginWithInvalidUserNameAndValidPassword" time="0.279"/>
  <testcase classname="test.FaceBooLoginTest" name="loginWithValidCredentials" time="0.29"/>
  <testcase classname="test.FaceBooLoginTest" name="loginWithValidUserNameAndInvalidPasssword" time="0.265"/>
</testsuite> <!-- Default test -->
