<?xml version="1.0" encoding="UTF-8"?>
<testng-results ignored="0" total="3" passed="3" failed="0" skipped="0">
  <reporter-output>
  </reporter-output>
  <suite started-at="2023-09-27T20:43:12 IST" name="Default suite" finished-at="2023-09-27T20:43:23 IST" duration-ms="11500">
    <groups>
    </groups>
    <test started-at="2023-09-27T20:43:12 IST" name="Default test" finished-at="2023-09-27T20:43:23 IST" duration-ms="11500">
      <class name="test.FaceBooLoginTest">
        <test-method is-config="true" signature="addReports()[pri:0, instance:test.FaceBooLoginTest@909217e]" started-at="2023-09-27T20:43:12 IST" name="addReports" finished-at="2023-09-27T20:43:12 IST" duration-ms="192" status="PASS">
          <reporter-output>
          </reporter-output>
        </test-method> <!-- addReports -->
        <test-method is-config="true" signature="browser()[pri:0, instance:test.FaceBooLoginTest@909217e]" started-at="2023-09-27T20:43:12 IST" name="browser" finished-at="2023-09-27T20:43:16 IST" duration-ms="3778" status="PASS">
          <reporter-output>
          </reporter-output>
        </test-method> <!-- browser -->
        <test-method signature="loginWithInvalidUserNameAndValidPassword()[pri:0, instance:test.FaceBooLoginTest@909217e]" started-at="2023-09-27T20:43:16 IST" name="loginWithInvalidUserNameAndValidPassword" finished-at="2023-09-27T20:43:16 IST" duration-ms="279" status="PASS">
          <reporter-output>
          </reporter-output>
        </test-method> <!-- loginWithInvalidUserNameAndValidPassword -->
        <test-method is-config="true" signature="closeBrowser(org.testng.ITestResult)[pri:0, instance:test.FaceBooLoginTest@909217e]" started-at="2023-09-27T20:43:16 IST" name="closeBrowser" finished-at="2023-09-27T20:43:16 IST" duration-ms="113" status="PASS">
          <params>
            <param index="0">
              <value>
                <![CDATA[[TestResult name=loginWithInvalidUserNameAndValidPassword status=SUCCESS method=FaceBooLoginTest.loginWithInvalidUserNameAndValidPassword()[pri:0, instance:test.FaceBooLoginTest@909217e] output={null}]]]>
              </value>
            </param>
          </params>
          <reporter-output>
          </reporter-output>
        </test-method> <!-- closeBrowser -->
        <test-method is-config="true" signature="browser()[pri:0, instance:test.FaceBooLoginTest@909217e]" started-at="2023-09-27T20:43:16 IST" name="browser" finished-at="2023-09-27T20:43:19 IST" duration-ms="3248" status="PASS">
          <reporter-output>
          </reporter-output>
        </test-method> <!-- browser -->
        <test-method signature="loginWithValidCredentials()[pri:0, instance:test.FaceBooLoginTest@909217e]" started-at="2023-09-27T20:43:19 IST" name="loginWithValidCredentials" finished-at="2023-09-27T20:43:20 IST" duration-ms="290" status="PASS">
          <reporter-output>
          </reporter-output>
        </test-method> <!-- loginWithValidCredentials -->
        <test-method is-config="true" signature="closeBrowser(org.testng.ITestResult)[pri:0, instance:test.FaceBooLoginTest@909217e]" started-at="2023-09-27T20:43:20 IST" name="closeBrowser" finished-at="2023-09-27T20:43:20 IST" duration-ms="109" status="PASS">
          <params>
            <param index="0">
              <value>
                <![CDATA[[TestResult name=loginWithValidCredentials status=SUCCESS method=FaceBooLoginTest.loginWithValidCredentials()[pri:0, instance:test.FaceBooLoginTest@909217e] output={null}]]]>
              </value>
            </param>
          </params>
          <reporter-output>
          </reporter-output>
        </test-method> <!-- closeBrowser -->
        <test-method is-config="true" signature="browser()[pri:0, instance:test.FaceBooLoginTest@909217e]" started-at="2023-09-27T20:43:20 IST" name="browser" finished-at="2023-09-27T20:43:23 IST" duration-ms="2856" status="PASS">
          <reporter-output>
          </reporter-output>
        </test-method> <!-- browser -->
        <test-method signature="loginWithValidUserNameAndInvalidPasssword()[pri:0, instance:test.FaceBooLoginTest@909217e]" started-at="2023-09-27T20:43:23 IST" name="loginWithValidUserNameAndInvalidPasssword" finished-at="2023-09-27T20:43:23 IST" duration-ms="265" status="PASS">
          <reporter-output>
          </reporter-output>
        </test-method> <!-- loginWithValidUserNameAndInvalidPasssword -->
        <test-method is-config="true" signature="closeBrowser(org.testng.ITestResult)[pri:0, instance:test.FaceBooLoginTest@909217e]" started-at="2023-09-27T20:43:23 IST" name="closeBrowser" finished-at="2023-09-27T20:43:23 IST" duration-ms="90" status="PASS">
          <params>
            <param index="0">
              <value>
                <![CDATA[[TestResult name=loginWithValidUserNameAndInvalidPasssword status=SUCCESS method=FaceBooLoginTest.loginWithValidUserNameAndInvalidPasssword()[pri:0, instance:test.FaceBooLoginTest@909217e] output={null}]]]>
              </value>
            </param>
          </params>
          <reporter-output>
          </reporter-output>
        </test-method> <!-- closeBrowser -->
        <test-method is-config="true" signature="flushData()[pri:0, instance:test.FaceBooLoginTest@909217e]" started-at="2023-09-27T20:43:23 IST" name="flushData" finished-at="2023-09-27T20:43:23 IST" duration-ms="244" status="PASS">
          <reporter-output>
          </reporter-output>
        </test-method> <!-- flushData -->
      </class> <!-- test.FaceBooLoginTest -->
    </test> <!-- Default test -->
  </suite> <!-- Default suite -->
</testng-results>
